<?xml version="1.0" encoding="UTF-8"?>
<!-- Generated by org.testng.reporters.JUnitXMLReporter -->
<testsuite ignored="6" hostname="DESKTOP-E3J37PN" failures="0" tests="1" name="Default test" time="11.111" errors="0" timestamp="2023-01-09T15:11:07 IST">
  <testcase classname="TestCases.LoginPageTest" name="ProductLabelTest" time="5.579"/>
  <testcase classname="TestCases.LoginPageTest" name="LogintoAppTest" time="0.0">
    <ignored/>
  </testcase> <!-- LogintoAppTest -->
  <testcase classname="TestCases.LoginPageTest" name="ProductInventryTest" time="0.0">
    <ignored/>
  </testcase> <!-- ProductInventryTest -->
  <testcase classname="TestCases.LoginPageTest" name="LoginLogoVerifyTest" time="0.0">
    <ignored/>
  </testcase> <!-- LoginLogoVerifyTest -->
  <testcase classname="TestCases.LoginPageTest" name="BotlogoTest" time="0.0">
    <ignored/>
  </testcase> <!-- BotlogoTest -->
  <testcase classname="TestCases.LoginPageTest" name="UrlVerifytest" time="0.0">
    <ignored/>
  </testcase> <!-- UrlVerifytest -->
  <testcase classname="TestCases.LoginPageTest" name="verifyTitleTest" time="0.0">
    <ignored/>
  </testcase> <!-- verifyTitleTest -->
</testsuite> <!-- Default test -->
