<?xml version="1.0" encoding="UTF-8"?>
<!-- Generated by org.testng.reporters.JUnitXMLReporter -->
<testsuite ignored="0" hostname="DESKTOP-E3J37PN" failures="0" tests="4" name="Test" time="40.748" errors="0" timestamp="2023-01-07T23:35:30 IST">
  <testcase classname="TestCases.ParalleMethod" name="test2" time="28.987"/>
  <testcase classname="TestCases.ParalleMethod" name="test4" time="29.131"/>
  <testcase classname="TestCases.ParalleMethod" name="test" time="38.322"/>
  <testcase classname="TestCases.ParalleMethod" name="test3" time="40.677"/>
</testsuite> <!-- Test -->
