<?xml version="1.0" encoding="UTF-8"?>
<!-- Generated by org.testng.reporters.JUnitXMLReporter -->
<testsuite ignored="6" hostname="DESKTOP-E3J37PN" failures="0" tests="1" name="Default test(failed)(failed)(failed)" time="11.996" errors="0" timestamp="2023-01-06T00:48:04 IST">
  <testcase classname="TestCases.FailTest" name="BotlogoTest" time="0.094"/>
  <testcase classname="TestCases.FailTest" name="UrlVerifytest" time="0.0">
    <ignored/>
  </testcase> <!-- UrlVerifytest -->
  <testcase classname="TestCases.FailTest" name="verifyTitleTest" time="0.0">
    <ignored/>
  </testcase> <!-- verifyTitleTest -->
  <testcase classname="TestCases.FailTest" name="ProductLabelTest" time="0.0">
    <ignored/>
  </testcase> <!-- ProductLabelTest -->
  <testcase classname="TestCases.FailTest" name="LogintoAppTest" time="0.0">
    <ignored/>
  </testcase> <!-- LogintoAppTest -->
  <testcase classname="TestCases.FailTest" name="ProductInventryTest" time="0.0">
    <ignored/>
  </testcase> <!-- ProductInventryTest -->
  <testcase classname="TestCases.FailTest" name="LoginLogoVerifyTest" time="0.0">
    <ignored/>
  </testcase> <!-- LoginLogoVerifyTest -->
</testsuite> <!-- Default test(failed)(failed)(failed) -->
