<?xml version="1.0" encoding="UTF-8"?>
<testng-results ignored="6" total="7" passed="1" failed="0" skipped="0">
  <reporter-output>
  </reporter-output>
  <suite started-at="2023-01-09T15:10:56 IST" name="Default suite" finished-at="2023-01-09T15:11:07 IST" duration-ms="11111">
    <groups>
    </groups>
    <test started-at="2023-01-09T15:10:56 IST" name="Default test" finished-at="2023-01-09T15:11:07 IST" duration-ms="11111">
      <class name="TestCases.LoginPageTest">
        <test-method is-config="true" signature="setup()[pri:0, instance:TestCases.LoginPageTest@1b6e1eff]" started-at="2023-01-09T15:10:56 IST" name="setup" finished-at="2023-01-09T15:11:01 IST" duration-ms="5204" status="PASS">
          <reporter-output>
          </reporter-output>
        </test-method> <!-- setup -->
        <test-method signature="ProductLabelTest()[pri:0, instance:TestCases.LoginPageTest@1b6e1eff]" started-at="2023-01-09T15:11:01 IST" name="ProductLabelTest" finished-at="2023-01-09T15:11:07 IST" duration-ms="5579" status="PASS">
          <reporter-output>
          </reporter-output>
        </test-method> <!-- ProductLabelTest -->
        <test-method is-config="true" signature="closeBrowser()[pri:0, instance:TestCases.LoginPageTest@1b6e1eff]" started-at="2023-01-09T15:11:07 IST" name="closeBrowser" finished-at="2023-01-09T15:11:07 IST" duration-ms="270" status="PASS">
          <reporter-output>
          </reporter-output>
        </test-method> <!-- closeBrowser -->
      </class> <!-- TestCases.LoginPageTest -->
    </test> <!-- Default test -->
  </suite> <!-- Default suite -->
</testng-results>
